20160911 04:10:56.169647Z 25619 INFO  pid = 25619, tid = 25619 - jacServer.cc:1172
20160911 04:10:56.169759Z 25619 DEBUG EventLoop EventLoop created 0x7FFFDCF0B900 in thread 25619 - EventLoop.cc:76
20160911 04:10:56.169765Z 25619 INFO  Listening at: 2007 - jacServer.cc:1176
20160911 04:10:56.169829Z 25619 INFO  starting 2 threads. - jacServer.cc:37
20160911 04:10:56.175104Z 25619 INFO  DB Connection success:  - database_operator.cc:11
20160911 04:10:56.175473Z 25619 INFO  We have: - database_operator.cc:15
20160911 04:10:56.175615Z 25621 INFO  ... processDB ... - jacServer.cc:9
20160911 04:10:56.471666Z 25619 INFO  TcpServer::newConnection [JacServer] - new connection [JacServer-0.0.0.0:2007#1] from 192.168.0.48:46462 - TcpServer.cc:84
20160911 04:10:56.471690Z 25619 DEBUG TcpConnection TcpConnection::ctor[JacServer-0.0.0.0:2007#1] at 0x237D9C0 fd=10 - TcpConnection.cc:63
20160911 04:10:56.471721Z 25619 DEBUG onConnection 192.168.0.48:46462 -> 192.168.0.106:2007 is UP - jacServer.cc:88
20160911 04:10:57.773016Z 25619 INFO  readableBytes length = 39 - jacServer.cc:442
20160911 04:10:57.773038Z 25619 INFO  onMessage, msgType: 1 - jacServer.cc:604
20160911 04:10:57.773046Z 25619 INFO  ===========MSG_LOGIN++++++++ - jacServer.cc:609
20160911 04:10:57.773055Z 25619 DEBUG onMessage size of buf->readableBytes() :=39 - jacServer.cc:610
20160911 04:10:57.773060Z 25619 DEBUG onMessage sizeof(MSG_Login) := 39 - jacServer.cc:611
20160911 04:10:57.773064Z 25619 INFO  -------------------srcAddr: 5745 - jacServer.cc:629
20160911 04:10:57.773069Z 25619 INFO  destAddr: 544 - jacServer.cc:630
20160911 04:10:57.773074Z 25619 DEBUG onMessage length: 39 - jacServer.cc:632
20160911 04:10:57.773078Z 25619 DEBUG onMessage serialNo: 35 - jacServer.cc:633
20160911 04:10:57.773083Z 25619 DEBUG onMessage replyNo: 0 - jacServer.cc:634
20160911 04:10:57.773088Z 25619 DEBUG onMessage crc16: 51233 - jacServer.cc:635
20160911 04:10:57.773098Z 25619 DEBUG onMessage protocolVersion: 0 - jacServer.cc:637
20160911 04:10:57.773104Z 25619 INFO  gatewayId: HuiGuan-001
 - jacServer.cc:639
20160911 04:10:57.773121Z 25619 INFO  ^^^^^^^^^^^^^^^^^^ send modify dest node, addr = 5745 - jacServer.cc:1115
20160911 04:10:57.773128Z 25619 DEBUG sendAll round buf size = 6 - jacServer.cc:385
20160911 04:11:00.773195Z 25619 INFO  TIMER : modifyDestAddr... - jacServer.cc:1129
20160911 04:11:00.773210Z 25619 INFO  ^^^^^^^^^^^^^^^^^^ send modify dest node, addr = 5745 - jacServer.cc:1142
20160911 04:11:00.773213Z 25619 DEBUG sendAll round buf size = 12 - jacServer.cc:385
20160911 04:11:03.773264Z 25619 INFO  TIMER : modifyDestAddr... - jacServer.cc:1129
20160911 04:11:03.773278Z 25619 INFO  ^^^^^^^^^^^^^^^^^^ send modify dest node, addr = 5745 - jacServer.cc:1142
20160911 04:11:03.773281Z 25619 DEBUG sendAll round buf size = 18 - jacServer.cc:385
20160911 04:11:06.773333Z 25619 INFO  TIMER : modifyDestAddr... - jacServer.cc:1129
20160911 04:11:06.773366Z 25619 INFO  ^^^^^^^^^^^^^^^^^^ send modify dest node, addr = 5745 - jacServer.cc:1142
20160911 04:11:06.773369Z 25619 DEBUG sendAll round buf size = 24 - jacServer.cc:385
20160911 04:11:07.772638Z 25619 INFO  readableBytes length = 39 - jacServer.cc:442
20160911 04:11:07.772651Z 25619 INFO  *******Registering..., throw bytes, length = 39 - jacServer.cc:557
20160911 04:11:09.773415Z 25619 INFO  TIMER : modifyDestAddr... - jacServer.cc:1129
20160911 04:11:09.773426Z 25619 INFO  ^^^^^^^^^^^^^^^^^^ send modify dest node, addr = 5745 - jacServer.cc:1142
20160911 04:11:09.773429Z 25619 DEBUG sendAll round buf size = 30 - jacServer.cc:385
20160911 04:11:12.773480Z 25619 INFO  TIMER : modifyDestAddr... - jacServer.cc:1129
20160911 04:11:12.773491Z 25619 INFO  ^^^^^^^^^^^^^^^^^^ send modify dest node, addr = 5745 - jacServer.cc:1142
20160911 04:11:12.773494Z 25619 DEBUG sendAll round buf size = 36 - jacServer.cc:385
